<?xml version="1.0" encoding="UTF-8"?>
<testsuite name="Selenium_Testing" tests="4" skipped="0" failures="0" errors="0" timestamp="2022-05-04T13:21:48" hostname="DESKTOP-27HT3NI" time="54.064">
  <properties/>
  <testcase name="UserFormSending" classname="Selenium_Testing" time="22.78"/>
  <testcase name="LogINOUTtest" classname="Selenium_Testing" time="19.506"/>
  <testcase name="MultiplePage" classname="Selenium_Testing" time="5.945"/>
  <testcase name="hovertest" classname="Selenium_Testing" time="5.833"/>
  <system-out><![CDATA[Page title is : edX | Free Online Courses by Harvard, MIT, & more | edX
Task completed : Reading the page title
My Courses
No of links are 0
Task completed : HoverTest
]]></system-out>
  <system-err><![CDATA[SLF4J: Failed to load class "org.slf4j.impl.StaticLoggerBinder".
SLF4J: Defaulting to no-operation (NOP) logger implementation
SLF4J: See http://www.slf4j.org/codes.html#StaticLoggerBinder for further details.
Starting ChromeDriver 101.0.4951.41 (93c720db8323b3ec10d056025ab95c23a31997c9-refs/branch-heads/4951@{#904}) on port 15942
Only local connections are allowed.
Please see https://chromedriver.chromium.org/security-considerations for suggestions on keeping ChromeDriver safe.
ChromeDriver was started successfully.
Starting ChromeDriver 101.0.4951.41 (93c720db8323b3ec10d056025ab95c23a31997c9-refs/branch-heads/4951@{#904}) on port 10457
Only local connections are allowed.
Please see https://chromedriver.chromium.org/security-considerations for suggestions on keeping ChromeDriver safe.
ChromeDriver was started successfully.
Starting ChromeDriver 101.0.4951.41 (93c720db8323b3ec10d056025ab95c23a31997c9-refs/branch-heads/4951@{#904}) on port 56765
Only local connections are allowed.
Please see https://chromedriver.chromium.org/security-considerations for suggestions on keeping ChromeDriver safe.
ChromeDriver was started successfully.
Starting ChromeDriver 101.0.4951.41 (93c720db8323b3ec10d056025ab95c23a31997c9-refs/branch-heads/4951@{#904}) on port 36887
Only local connections are allowed.
Please see https://chromedriver.chromium.org/security-considerations for suggestions on keeping ChromeDriver safe.
ChromeDriver was started successfully.
]]></system-err>
</testsuite>
